This is pdfTeX, Version 3.141592653-2.6-1.40.24 (TeX Live 2022/Debian) (preloaded format=pdflatex 2025.3.21)  21 MAR 2025 17:12
entering extended mode
 restricted \write18 enabled.
 %&-line parsing enabled.
**LCPB_assignment_template.tex
(./LCPB_assignment_template.tex
LaTeX2e <2022-11-01> patch level 1
L3 programming layer <2023-01-16>
(/usr/share/texlive/texmf-dist/tex/latex/revtex4-1/revtex4-1.cls
Document Class: revtex4-1 2020/09/30 4.1s (http://publish.aps.org/revtex4/ for 
documentation)
 Copyright (c) 2009 The American Physical Society.
 mailto:revtex@aps.org
 Licensed under the LPPL:
http://www.ctan.org/tex-archive/macros/latex/base/lppl.txt
 Arthur Ogawa <arthur_ogawa at sbcglobal dot net>
 Based on work by David Carlisle <david at dcarlisle.demon.co.uk>.
ltxutil[2020/09/30 4.1s utilities package (portions licensed from W. E. Baxter 
web at superscript.com)]
LaTeX Info: Redefining \@centercr on input line 346.
Class revtex4-1 Info: Repairing hyperref-unfriendly LaTeX definition of \mpfoot
note on input line 471.
Class revtex4-1 Info: Repairing broken LateX \@sect on input line 793.
\intertabularlinepenalty=\count185
\@tbpen=\count186
\@arstrutbox@hline=\box51
Class revtex4-1 Info: Repairing broken LaTeX \@xbitor on input line 1824.
Class revtex4-1 Info: Making \typeout \long on input line 2089.
ltxfront[2020/09/30 4.1s frontmatter package (AO,DPC)]
\c@affil=\count187
\c@collab=\count188
\absbox=\box52
ltxgrid[2020/09/30 4.1s page grid package (portions licensed from W. E. Baxter 
web at superscript.com)]
\c@linecount=\count189
\output@latex=\toks16
\box@size@1=\box53
\box@size@2=\box54
\@protection@box=\box55
\@topmark@saved=\toks17
\footins@saved=\box56
\footins@recovered=\box57
\column@recovered=\box58
\pagesofar=\box59
\footsofar=\box60
\pagegrid@col=\count190
Class revtex4-1 Info: Overriding \@vspace, \@vspacer, \@no@pgbk, \@newline, and
 \\  on input line 5655.
\c@part=\count191
\c@section=\count192
\c@subsection=\count193
\c@subsubsection=\count194
\c@paragraph=\count195
\c@subparagraph=\count196
\abovecaptionskip=\skip48
\belowcaptionskip=\skip49
\c@figure=\count197
\fbox@1=\box61
\c@table=\count198
\fbox@2=\box62
\c@video=\count199
\fbox@4=\box63
\@bibdataout=\write3
\widetext@top=\box64
\widetext@bot=\box65

Class revtex4-1 Warning: No Society specified, using default society aps.

(/usr/share/texlive/texmf-dist/tex/latex/revtex4-1/aps4-1.rtx
File: aps4-1 2020/09/30 4.1s (http://publish.aps.org/revtex4/ for documentation
)
Class revtex4-1 Info: RevTeX society APS selected on input line 31.
)
Class revtex4-1 Info: Selecting journal prl on input line 7618.
Class revtex4-1 Info: APS journal PRL selected on input line 7619.


Class revtex4-1 Warning: No type size specified, using default 10.

(/usr/share/texlive/texmf-dist/tex/latex/revtex4-1/aps10pt4-1.rtx
File: aps10pt4-1 2020/09/30 4.1s (http://publish.aps.org/revtex4/ for documenta
tion)
Class revtex4-1 Info: RevTeX pointsize 10pt selected on input line 30.
)
(/usr/share/texlive/texmf-dist/tex/latex/textcase/textcase.sty
Package: textcase 2022/07/10 v1.03 Text only upper/lower case changing (DPC)
Package textcase Info: Defining Legacy names on input line 20.
)
(/usr/share/texlive/texmf-dist/tex/latex/url/url.sty
\Urlmuskip=\muskip16
Package: url 2013/09/16  ver 3.4  Verb mode for urls, etc.
)
(/usr/share/texlive/texmf-dist/tex/latex/natbib/natbib.sty
Package: natbib 2010/09/13 8.31b (PWD, AO)
\bibhang=\skip50
\bibsep=\skip51
LaTeX Info: Redefining \cite on input line 694.
\c@NAT@ctr=\count266
)
Class revtex4-1 Info: Repairing natbib's \BibitemShut on input line 7623.

(/usr/share/texlive/texmf-dist/tex/latex/revtex4-1/revsymb4-1.sty
Package: revsymb4-1 2020/09/30 4.1s (http://publish.aps.org/revtex4/ for docume
ntation)
LaTeX Info: Redefining \REV@mathfrak on input line 119.
))
(/usr/share/texlive/texmf-dist/tex/latex/graphics/graphicx.sty
Package: graphicx 2021/09/16 v1.2d Enhanced LaTeX Graphics (DPC,SPQR)

(/usr/share/texlive/texmf-dist/tex/latex/graphics/keyval.sty
Package: keyval 2022/05/29 v1.15 key=value parser (DPC)
\KV@toks@=\toks18
)
(/usr/share/texlive/texmf-dist/tex/latex/graphics/graphics.sty
Package: graphics 2022/03/10 v1.4e Standard LaTeX Graphics (DPC,SPQR)

(/usr/share/texlive/texmf-dist/tex/latex/graphics/trig.sty
Package: trig 2021/08/11 v1.11 sin cos tan (DPC)
)
(/usr/share/texlive/texmf-dist/tex/latex/graphics-cfg/graphics.cfg
File: graphics.cfg 2016/06/04 v1.11 sample graphics configuration
)
Package graphics Info: Driver file: pdftex.def on input line 107.

(/usr/share/texlive/texmf-dist/tex/latex/graphics-def/pdftex.def
File: pdftex.def 2022/09/22 v1.2b Graphics/color driver for pdftex
))
\Gin@req@height=\dimen140
\Gin@req@width=\dimen141
)
(/usr/share/texlive/texmf-dist/tex/latex/graphics/color.sty
Package: color 2022/01/06 v1.3d Standard LaTeX Color (DPC)

(/usr/share/texlive/texmf-dist/tex/latex/graphics-cfg/color.cfg
File: color.cfg 2016/01/02 v1.6 sample color configuration
)
Package color Info: Driver file: pdftex.def on input line 149.

(/usr/share/texlive/texmf-dist/tex/latex/graphics/mathcolor.ltx))
(/usr/share/texlive/texmf-dist/tex/latex/base/latexsym.sty
Package: latexsym 1998/08/17 v2.2e Standard LaTeX package (lasy symbols)
\symlasy=\mathgroup4
LaTeX Font Info:    Overwriting symbol font `lasy' in version `bold'
(Font)                  U/lasy/m/n --> U/lasy/b/n on input line 52.
)
(/usr/share/texlive/texmf-dist/tex/latex/amsmath/amsmath.sty
Package: amsmath 2022/04/08 v2.17n AMS math features
\@mathmargin=\skip52

For additional information on amsmath, use the `?' option.
(/usr/share/texlive/texmf-dist/tex/latex/amsmath/amstext.sty
Package: amstext 2021/08/26 v2.01 AMS text

(/usr/share/texlive/texmf-dist/tex/latex/amsmath/amsgen.sty
File: amsgen.sty 1999/11/30 v2.0 generic functions
\@emptytoks=\toks19
\ex@=\dimen142
)
LaTeX Info: Redefining \text on input line 28.
)
(/usr/share/texlive/texmf-dist/tex/latex/amsmath/amsbsy.sty
Package: amsbsy 1999/11/29 v1.2d Bold Symbols
\pmbraise@=\dimen143
)
(/usr/share/texlive/texmf-dist/tex/latex/amsmath/amsopn.sty
Package: amsopn 2022/04/08 v2.04 operator names
)
\inf@bad=\count267
LaTeX Info: Redefining \frac on input line 234.
\uproot@=\count268
\leftroot@=\count269
LaTeX Info: Redefining \overline on input line 399.
LaTeX Info: Redefining \colon on input line 410.
\classnum@=\count270
\DOTSCASE@=\count271
LaTeX Info: Redefining \ldots on input line 496.
LaTeX Info: Redefining \dots on input line 499.
LaTeX Info: Redefining \cdots on input line 620.
\Mathstrutbox@=\box66
\strutbox@=\box67
LaTeX Info: Redefining \big on input line 722.
LaTeX Info: Redefining \Big on input line 723.
LaTeX Info: Redefining \bigg on input line 724.
LaTeX Info: Redefining \Bigg on input line 725.
\big@size=\dimen144
LaTeX Font Info:    Redeclaring font encoding OML on input line 743.
LaTeX Font Info:    Redeclaring font encoding OMS on input line 744.
\macc@depth=\count272
LaTeX Info: Redefining \bmod on input line 905.
LaTeX Info: Redefining \pmod on input line 910.
LaTeX Info: Redefining \smash on input line 940.
LaTeX Info: Redefining \relbar on input line 970.
LaTeX Info: Redefining \Relbar on input line 971.
\c@MaxMatrixCols=\count273
\dotsspace@=\muskip17
\c@parentequation=\count274
\dspbrk@lvl=\count275
\tag@help=\toks20
\row@=\count276
\column@=\count277
\maxfields@=\count278
\andhelp@=\toks21
\eqnshift@=\dimen145
\alignsep@=\dimen146
\tagshift@=\dimen147
\tagwidth@=\dimen148
\totwidth@=\dimen149
\lineht@=\dimen150
\@envbody=\toks22
\multlinegap=\skip53
\multlinetaggap=\skip54
\mathdisplay@stack=\toks23
LaTeX Info: Redefining \[ on input line 2953.
LaTeX Info: Redefining \] on input line 2954.
)
(/usr/share/texlive/texmf-dist/tex/latex/hyperref/hyperref.sty
Package: hyperref 2022-11-13 v7.00u Hypertext links for LaTeX

(/usr/share/texlive/texmf-dist/tex/generic/ltxcmds/ltxcmds.sty
Package: ltxcmds 2020-05-10 v1.25 LaTeX kernel commands for general use (HO)
)
(/usr/share/texlive/texmf-dist/tex/generic/iftex/iftex.sty
Package: iftex 2022/02/03 v1.0f TeX engine tests
)
(/usr/share/texlive/texmf-dist/tex/generic/pdftexcmds/pdftexcmds.sty
Package: pdftexcmds 2020-06-27 v0.33 Utility functions of pdfTeX for LuaTeX (HO
)

(/usr/share/texlive/texmf-dist/tex/generic/infwarerr/infwarerr.sty
Package: infwarerr 2019/12/03 v1.5 Providing info/warning/error messages (HO)
)
Package pdftexcmds Info: \pdf@primitive is available.
Package pdftexcmds Info: \pdf@ifprimitive is available.
Package pdftexcmds Info: \pdfdraftmode found.
)
(/usr/share/texlive/texmf-dist/tex/latex/kvsetkeys/kvsetkeys.sty
Package: kvsetkeys 2022-10-05 v1.19 Key value parser (HO)
)
(/usr/share/texlive/texmf-dist/tex/generic/kvdefinekeys/kvdefinekeys.sty
Package: kvdefinekeys 2019-12-19 v1.6 Define keys (HO)
)
(/usr/share/texlive/texmf-dist/tex/generic/pdfescape/pdfescape.sty
Package: pdfescape 2019/12/09 v1.15 Implements pdfTeX's escape features (HO)
)
(/usr/share/texlive/texmf-dist/tex/latex/hycolor/hycolor.sty
Package: hycolor 2020-01-27 v1.10 Color options for hyperref/bookmark (HO)
)
(/usr/share/texlive/texmf-dist/tex/latex/letltxmacro/letltxmacro.sty
Package: letltxmacro 2019/12/03 v1.6 Let assignment for LaTeX macros (HO)
)
(/usr/share/texlive/texmf-dist/tex/latex/auxhook/auxhook.sty
Package: auxhook 2019-12-17 v1.6 Hooks for auxiliary files (HO)
)
(/usr/share/texlive/texmf-dist/tex/latex/hyperref/nameref.sty
Package: nameref 2022-05-17 v2.50 Cross-referencing by name of section

(/usr/share/texlive/texmf-dist/tex/latex/refcount/refcount.sty
Package: refcount 2019/12/15 v3.6 Data extraction from label references (HO)
)
(/usr/share/texlive/texmf-dist/tex/generic/gettitlestring/gettitlestring.sty
Package: gettitlestring 2019/12/15 v1.6 Cleanup title references (HO)

(/usr/share/texlive/texmf-dist/tex/latex/kvoptions/kvoptions.sty
Package: kvoptions 2022-06-15 v3.15 Key value format for package options (HO)
))
\c@section@level=\count279
)
\@linkdim=\dimen151
\Hy@linkcounter=\count280
\Hy@pagecounter=\count281

(/usr/share/texlive/texmf-dist/tex/latex/hyperref/pd1enc.def
File: pd1enc.def 2022-11-13 v7.00u Hyperref: PDFDocEncoding definition (HO)
Now handling font encoding PD1 ...
... no UTF-8 mapping file for font encoding PD1
)
(/usr/share/texlive/texmf-dist/tex/generic/intcalc/intcalc.sty
Package: intcalc 2019/12/15 v1.3 Expandable calculations with integers (HO)
)
(/usr/share/texlive/texmf-dist/tex/generic/etexcmds/etexcmds.sty
Package: etexcmds 2019/12/15 v1.7 Avoid name clashes with e-TeX commands (HO)
)
\Hy@SavedSpaceFactor=\count282

(/usr/share/texlive/texmf-dist/tex/latex/hyperref/puenc.def
File: puenc.def 2022-11-13 v7.00u Hyperref: PDF Unicode definition (HO)
Now handling font encoding PU ...
... no UTF-8 mapping file for font encoding PU
)
Package hyperref Info: Option `colorlinks' set `true' on input line 4045.
Package hyperref Info: Option `hyperindex' set `true' on input line 4045.
Package hyperref Info: Option `hyperfigures' set `true' on input line 4045.
Package hyperref Info: Hyper figures ON on input line 4160.
Package hyperref Info: Link nesting OFF on input line 4167.
Package hyperref Info: Hyper index ON on input line 4170.
Package hyperref Info: Plain pages OFF on input line 4177.
Package hyperref Info: Backreferencing OFF on input line 4182.
Package hyperref Info: Implicit mode ON; LaTeX internals redefined.
Package hyperref Info: Bookmarks ON on input line 4410.
LaTeX Info: Redefining \href on input line 4659.
\c@Hy@tempcnt=\count283
LaTeX Info: Redefining \url on input line 4748.
\XeTeXLinkMargin=\dimen152

(/usr/share/texlive/texmf-dist/tex/generic/bitset/bitset.sty
Package: bitset 2019/12/09 v1.3 Handle bit-vector datatype (HO)

(/usr/share/texlive/texmf-dist/tex/generic/bigintcalc/bigintcalc.sty
Package: bigintcalc 2019/12/15 v1.5 Expandable calculations on big integers (HO
)
))
\Fld@menulength=\count284
\Field@Width=\dimen153
\Fld@charsize=\dimen154
Package hyperref Info: Hyper figures ON on input line 6025.
Package hyperref Info: Link nesting OFF on input line 6032.
Package hyperref Info: Hyper index ON on input line 6035.
Package hyperref Info: backreferencing OFF on input line 6042.
Package hyperref Info: Link coloring ON on input line 6045.
Package hyperref Info: Link coloring with OCG OFF on input line 6052.
Package hyperref Info: PDF/A mode OFF on input line 6057.

(/usr/share/texlive/texmf-dist/tex/latex/base/atbegshi-ltx.sty
Package: atbegshi-ltx 2021/01/10 v1.0c Emulation of the original atbegshi
package with kernel methods
)
\Hy@abspage=\count285
\c@Item=\count286
\c@Hfootnote=\count287
)
Package hyperref Info: Driver: hpdftex.

(/usr/share/texlive/texmf-dist/tex/latex/hyperref/hpdftex.def
File: hpdftex.def 2022-11-13 v7.00u Hyperref driver for pdfTeX

(/usr/share/texlive/texmf-dist/tex/latex/base/atveryend-ltx.sty
Package: atveryend-ltx 2020/08/19 v1.0a Emulation of the original atveryend pac
kage
with kernel methods
)
\Fld@listcount=\count288
\c@bookmark@seq@number=\count289

(/usr/share/texlive/texmf-dist/tex/latex/rerunfilecheck/rerunfilecheck.sty
Package: rerunfilecheck 2022-07-10 v1.10 Rerun checks for auxiliary files (HO)

(/usr/share/texlive/texmf-dist/tex/generic/uniquecounter/uniquecounter.sty
Package: uniquecounter 2019/12/15 v1.4 Provide unlimited unique counter (HO)
)
Package uniquecounter Info: New unique counter `rerunfilecheck' on input line 2
85.
)
\Hy@SectionHShift=\skip55
)
Class revtex4-1 Info: Unrecognized LaTeX tabular. Please update this document c
lass! (Proceeding with fingers crossed.) on input line 12.
Class revtex4-1 Info: cite was not loaded (OK!) on input line 12.
Class revtex4-1 Info: mcite was not loaded (OK!) on input line 12.
Class revtex4-1 Info: multicol was not loaded (OK!) on input line 12.

(/usr/share/texlive/texmf-dist/tex/latex/l3backend/l3backend-pdftex.def
File: l3backend-pdftex.def 2023-01-16 L3 backend support: PDF output (pdfTeX)
\l__color_backend_stack_int=\count290
\l__pdf_internal_box=\box68
)
(./LCPB_assignment_template.aux)
\openout1 = `LCPB_assignment_template.aux'.

LaTeX Font Info:    Checking defaults for OML/cmm/m/it on input line 12.
LaTeX Font Info:    ... okay on input line 12.
LaTeX Font Info:    Checking defaults for OMS/cmsy/m/n on input line 12.
LaTeX Font Info:    ... okay on input line 12.
LaTeX Font Info:    Checking defaults for OT1/cmr/m/n on input line 12.
LaTeX Font Info:    ... okay on input line 12.
LaTeX Font Info:    Checking defaults for T1/cmr/m/n on input line 12.
LaTeX Font Info:    ... okay on input line 12.
LaTeX Font Info:    Checking defaults for TS1/cmr/m/n on input line 12.
LaTeX Font Info:    ... okay on input line 12.
LaTeX Font Info:    Checking defaults for OMX/cmex/m/n on input line 12.
LaTeX Font Info:    ... okay on input line 12.
LaTeX Font Info:    Checking defaults for U/cmr/m/n on input line 12.
LaTeX Font Info:    ... okay on input line 12.
LaTeX Font Info:    Checking defaults for PD1/pdf/m/n on input line 12.
LaTeX Font Info:    ... okay on input line 12.
LaTeX Font Info:    Checking defaults for PU/pdf/m/n on input line 12.
LaTeX Font Info:    ... okay on input line 12.

(/usr/share/texlive/texmf-dist/tex/context/base/mkii/supp-pdf.mkii
[Loading MPS to PDF converter (version 2006.09.02).]
\scratchcounter=\count291
\scratchdimen=\dimen155
\scratchbox=\box69
\nofMPsegments=\count292
\nofMParguments=\count293
\everyMPshowfont=\toks24
\MPscratchCnt=\count294
\MPscratchDim=\dimen156
\MPnumerator=\count295
\makeMPintoPDFobject=\count296
\everyMPtoPDFconversion=\toks25
) (/usr/share/texlive/texmf-dist/tex/latex/epstopdf-pkg/epstopdf-base.sty
Package: epstopdf-base 2020-01-24 v2.11 Base part for package epstopdf
Package epstopdf-base Info: Redefining graphics rule for `.eps' on input line 4
85.

(/usr/share/texlive/texmf-dist/tex/latex/latexconfig/epstopdf-sys.cfg
File: epstopdf-sys.cfg 2010/07/13 v1.3 Configuration of (r)epstopdf for TeX Liv
e
))
Package hyperref Info: Link coloring ON on input line 12.

(./LCPB_assignment_template.out) (./LCPB_assignment_template.out)
\@outlinefile=\write4
\openout4 = `LCPB_assignment_template.out'.

Class revtex4-1 Info: Taking \maketitle back from hyperref on input line 12.
\openout3 = `LCPB_assignment_templateNotes.bib'.



Class revtex4-1 Warning: Assuming \noaffiliation for authors.

LaTeX Font Info:    Trying to load font information for U+lasy on input line 68
.
(/usr/share/texlive/texmf-dist/tex/latex/base/ulasy.fd
File: ulasy.fd 1998/08/17 v2.2e LaTeX symbol font definitions
)
Underfull \hbox (badness 10000) in paragraph at lines 77--82
\OT1/cmtt/m/n/10 sudo pacman -S texlive-core
 []


Underfull \hbox (badness 10000) in paragraph at lines 77--82
\OT1/cmtt/m/n/10 texlive-bibtexextra texlive-fontsextra
 []


Underfull \hbox (badness 10000) in paragraph at lines 77--82
\OT1/cmtt/m/n/10 texlive-formatsextra texlive-latexextra
 []


Underfull \hbox (badness 10000) in paragraph at lines 77--82
\OT1/cmtt/m/n/10 texlive-pictures texlive-pstricks
 []

<fig1a.png, id=33, 371.88937pt x 238.8925pt>
File: fig1a.png Graphic file (type png)
<use fig1a.png>
Package pdftex.def Info: fig1a.png  used on input line 89.
(pdftex.def)             Requested size: 153.00156pt x 98.28555pt.
File: fig1a.png Graphic file (type png)
<use fig1a.png>
Package pdftex.def Info: fig1a.png  used on input line 91.
(pdftex.def)             Requested size: 153.00156pt x 98.28555pt.
File: fig1a.png Graphic file (type png)
<use fig1a.png>
Package pdftex.def Info: fig1a.png  used on input line 93.
(pdftex.def)             Requested size: 153.00156pt x 98.28555pt.
File: fig1a.png Graphic file (type png)
<use fig1a.png>
Package pdftex.def Info: fig1a.png  used on input line 95.
(pdftex.def)             Requested size: 232.05093pt x 149.06685pt.
File: fig1a.png Graphic file (type png)
<use fig1a.png>
Package pdftex.def Info: fig1a.png  used on input line 97.
(pdftex.def)             Requested size: 232.05093pt x 149.06685pt.
<line1.png, id=34, 251.43938pt x 49.68562pt>
File: line1.png Graphic file (type png)
<use line1.png>
Package pdftex.def Info: line1.png  used on input line 120.
(pdftex.def)             Requested size: 172.19925pt x 34.02686pt.
[1{/var/lib/texmf/fonts/map/pdftex/updmap/pdftex.map}]
Underfull \hbox (badness 1033) in paragraph at lines 128--135
\OT1/cmr/m/n/10 z zzzzzzzzzzz zzzz zzzzzzzzz. zzzzzzzzzzzzzzz zzzzz
 []


Underfull \hbox (badness 10000) in paragraph at lines 128--135
\OT1/cmr/m/n/10 zzzzzzzzzz zzzzzzz z zzzzzzzzzzz zzzz zzzzzzzzz
 []


Underfull \hbox (badness 4353) in paragraph at lines 128--135
\OT1/cmr/m/n/10 z zzzzzzzzzzz zzzz zzzzzzzzz zzzzzzzzzzzzzzz zzzzz
 []


Underfull \hbox (badness 10000) in paragraph at lines 128--135
\OT1/cmr/m/n/10 zzzzzzzzzz zzzzzzz z zzzzzzzzzzz zzzz zzzzzzzzz
 []


Underfull \hbox (badness 4353) in paragraph at lines 155--160
\OT1/cmr/m/n/10 z zzzzzzzzzzz zzzz zzzzzzzzz zzzzzzzzzzzzzzz zzzzz
 []


Underfull \hbox (badness 10000) in paragraph at lines 155--160
\OT1/cmr/m/n/10 zzzzzzzzzz zzzzzzz z zzzzzzzzzzz zzzz zzzzzzzzz
 []


Underfull \hbox (badness 4353) in paragraph at lines 162--170
\OT1/cmr/m/n/10 z zzzzzzzzzzz zzzz zzzzzzzzz zzzzzzzzzzzzzzz zzzzz
 []


Underfull \hbox (badness 10000) in paragraph at lines 162--170
\OT1/cmr/m/n/10 zzzzzzzzzz zzzzzzz z zzzzzzzzzzz zzzz zzzzzzzzz
 []


Underfull \hbox (badness 1033) in paragraph at lines 162--170
\OT1/cmr/m/n/10 z zzzzzzzzzzz zzzz zzzzzzzzz. zzzzzzzzzzzzzzz zzzzz
 []


Underfull \hbox (badness 10000) in paragraph at lines 162--170
\OT1/cmr/m/n/10 zzzzzzzzzz zzzzzzz z zzzzzzzzzzz zzzz zzzzzzzzz
 []


Underfull \hbox (badness 4353) in paragraph at lines 182--187
\OT1/cmr/m/n/10 z zzzzzzzzzzz zzzz zzzzzzzzz zzzzzzzzzzzzzzz zzzzz
 []


Underfull \hbox (badness 10000) in paragraph at lines 182--187
\OT1/cmr/m/n/10 zzzzzzzzzz zzzzzzz z zzzzzzzzzzz zzzz zzzzzzzzz
 []

[2 <./fig1a.png (PNG copy)> <./line1.png (PNG copy)>]
Underfull \hbox (badness 4353) in paragraph at lines 188--198
\OT1/cmr/m/n/10 z zzzzzzzzzzz zzzz zzzzzzzzz zzzzzzzzzzzzzzz zzzzz
 []


Underfull \hbox (badness 10000) in paragraph at lines 188--198
\OT1/cmr/m/n/10 zzzzzzzzzz zzzzzzz z zzzzzzzzzzz zzzz zzzzzzzzz
 []


Underfull \hbox (badness 1033) in paragraph at lines 188--198
\OT1/cmr/m/n/10 z zzzzzzzzzzz zzzz zzzzzzzzz. zzzzzzzzzzzzzzz zzzzz
 []


Underfull \hbox (badness 10000) in paragraph at lines 188--198
\OT1/cmr/m/n/10 zzzzzzzzzz zzzzzzz z zzzzzzzzzzz zzzz zzzzzzzzz
 []


Underfull \hbox (badness 4353) in paragraph at lines 188--198
\OT1/cmr/m/n/10 z zzzzzzzzzzz zzzz zzzzzzzzz zzzzzzzzzzzzzzz zzzzz
 []


Underfull \hbox (badness 10000) in paragraph at lines 188--198
\OT1/cmr/m/n/10 zzzzzzzzzz zzzzzzz z zzzzzzzzzzz zzzz zzzzzzzzz
 []

File: fig1a.png Graphic file (type png)
<use fig1a.png>
Package pdftex.def Info: fig1a.png  used on input line 201.
(pdftex.def)             Requested size: 224.40125pt x 144.15312pt.

Underfull \hbox (badness 4353) in paragraph at lines 207--212
\OT1/cmr/m/n/10 z zzzzzzzzzzz zzzz zzzzzzzzz zzzzzzzzzzzzzzz zzzzz
 []


Underfull \hbox (badness 10000) in paragraph at lines 207--212
\OT1/cmr/m/n/10 zzzzzzzzzz zzzzzzz z zzzzzzzzzzz zzzz zzzzzzzzz
 []


Underfull \hbox (badness 4353) in paragraph at lines 215--220
\OT1/cmr/m/n/10 z zzzzzzzzzzz zzzz zzzzzzzzz zzzzzzzzzzzzzzz zzzzz
 []


Underfull \hbox (badness 10000) in paragraph at lines 215--220
\OT1/cmr/m/n/10 zzzzzzzzzz zzzzzzz z zzzzzzzzzzz zzzz zzzzzzzzz
 []

File: fig1a.png Graphic file (type png)
<use fig1a.png>
Package pdftex.def Info: fig1a.png  used on input line 223.
(pdftex.def)             Requested size: 224.40125pt x 144.15312pt.

Underfull \hbox (badness 4353) in paragraph at lines 230--240
\OT1/cmr/m/n/10 z zzzzzzzzzzz zzzz zzzzzzzzz zzzzzzzzzzzzzzz zzzzz
 []


Underfull \hbox (badness 10000) in paragraph at lines 230--240
\OT1/cmr/m/n/10 zzzzzzzzzz zzzzzzz z zzzzzzzzzzz zzzz zzzzzzzzz
 []


Underfull \hbox (badness 1033) in paragraph at lines 230--240
\OT1/cmr/m/n/10 z zzzzzzzzzzz zzzz zzzzzzzzz. zzzzzzzzzzzzzzz zzzzz
 []


Underfull \hbox (badness 10000) in paragraph at lines 230--240
\OT1/cmr/m/n/10 zzzzzzzzzz zzzzzzz z zzzzzzzzzzz zzzz zzzzzzzzz
 []


Underfull \hbox (badness 4353) in paragraph at lines 230--240
\OT1/cmr/m/n/10 z zzzzzzzzzzz zzzz zzzzzzzzz zzzzzzzzzzzzzzz zzzzz
 []


Underfull \hbox (badness 10000) in paragraph at lines 230--240
\OT1/cmr/m/n/10 zzzzzzzzzz zzzzzzz z zzzzzzzzzzz zzzz zzzzzzzzz
 []


Underfull \hbox (badness 4353) in paragraph at lines 241--246
\OT1/cmr/m/n/10 z zzzzzzzzzzz zzzz zzzzzzzzz zzzzzzzzzzzzzzz zzzzz
 []


Underfull \hbox (badness 10000) in paragraph at lines 241--246
\OT1/cmr/m/n/10 zzzzzzzzzz zzzzzzz z zzzzzzzzzzz zzzz zzzzzzzzz
 []


Underfull \hbox (badness 4353) in paragraph at lines 250--255
\OT1/cmr/m/n/10 z zzzzzzzzzzz zzzz zzzzzzzzz zzzzzzzzzzzzzzz zzzzz
 []


Underfull \hbox (badness 10000) in paragraph at lines 250--255
\OT1/cmr/m/n/10 zzzzzzzzzz zzzzzzz z zzzzzzzzzzz zzzz zzzzzzzzz
 []


Underfull \hbox (badness 4353) in paragraph at lines 262--268
\OT1/cmr/m/n/10 z zzzzzzzzzzz zzzz zzzzzzzzz zzzzzzzzzzzzzzz zzzzz
 []


Underfull \hbox (badness 10000) in paragraph at lines 262--268
\OT1/cmr/m/n/10 zzzzzzzzzz zzzzzzz z zzzzzzzzzzz zzzz zzzzzzzzz
 []


Underfull \hbox (badness 4353) in paragraph at lines 262--268
\OT1/cmr/m/n/10 z zzzzzzzzzzz zzzz zzzzzzzzz zzzzzzzzzzzzzzz zzzzz
 []


Underfull \hbox (badness 4353) in paragraph at lines 270--275
\OT1/cmr/m/n/10 z zzzzzzzzzzz zzzz zzzzzzzzz zzzzzzzzzzzzzzz zzzzz
 []


Underfull \hbox (badness 10000) in paragraph at lines 270--275
\OT1/cmr/m/n/10 zzzzzzzzzz zzzzzzz z zzzzzzzzzzz zzzz zzzzzzzzz
 []

[3]
Underfull \hbox (badness 4353) in paragraph at lines 281--286
\OT1/cmr/m/n/10 z zzzzzzzzzzz zzzz zzzzzzzzz zzzzzzzzzzzzzzz zzzzz
 []


Underfull \hbox (badness 10000) in paragraph at lines 281--286
\OT1/cmr/m/n/10 zzzzzzzzzz zzzzzzz z zzzzzzzzzzz zzzz zzzzzzzzz
 []

No file LCPB_assignment_template.bbl.
[4]

pdfTeX warning: /usr/bin/pdflatex (file ./description_assignment_LCPB_20-21.pdf
): PDF inclusion: found PDF version <1.6>, but at most version <1.5> allowed
<description_assignment_LCPB_20-21.pdf, id=81, 796.4211pt x 597.6786pt>
File: description_assignment_LCPB_20-21.pdf Graphic file (type pdf)
<use description_assignment_LCPB_20-21.pdf>
Package pdftex.def Info: description_assignment_LCPB_20-21.pdf  used on input l
ine 313.
(pdftex.def)             Requested size: 510.0pt x 382.73187pt.
[5 <./description_assignment_LCPB_20-21.pdf>] (./LCPB_assignment_template.aux)
Package rerunfilecheck Info: File `LCPB_assignment_template.out' has not change
d.
(rerunfilecheck)             Checksum: 0C550294FC5846EA26D1BC113130251C;956.
 ) 
Here is how much of TeX's memory you used:
 10917 strings out of 476091
 167964 string characters out of 5794081
 1877330 words of memory out of 5000000
 31143 multiletter control sequences out of 15000+600000
 518301 words of font info for 56 fonts, out of 8000000 for 9000
 1141 hyphenation exceptions out of 8191
 75i,9n,76p,525b,516s stack positions out of 10000i,1000n,20000p,200000b,200000s
{/usr/share/texmf/fonts/enc/dvips/cm-super/cm-super-ts1.enc}</usr/share/texli
ve/texmf-dist/fonts/type1/public/amsfonts/cm/cmbx10.pfb></usr/share/texlive/tex
mf-dist/fonts/type1/public/amsfonts/cm/cmbx12.pfb></usr/share/texlive/texmf-dis
t/fonts/type1/public/amsfonts/cm/cmbx9.pfb></usr/share/texlive/texmf-dist/fonts
/type1/public/amsfonts/cm/cmmi10.pfb></usr/share/texlive/texmf-dist/fonts/type1
/public/amsfonts/cm/cmmi9.pfb></usr/share/texlive/texmf-dist/fonts/type1/public
/amsfonts/cm/cmr10.pfb></usr/share/texlive/texmf-dist/fonts/type1/public/amsfon
ts/cm/cmr9.pfb></usr/share/texlive/texmf-dist/fonts/type1/public/amsfonts/cm/cm
sy10.pfb></usr/share/texlive/texmf-dist/fonts/type1/public/amsfonts/cm/cmsy6.pf
b></usr/share/texlive/texmf-dist/fonts/type1/public/amsfonts/cm/cmsy7.pfb></usr
/share/texlive/texmf-dist/fonts/type1/public/amsfonts/cm/cmti10.pfb></usr/share
/texlive/texmf-dist/fonts/type1/public/amsfonts/cm/cmtt10.pfb></usr/share/texmf
/fonts/type1/public/cm-super/sfbx1000.pfb></usr/share/texmf/fonts/type1/public/
cm-super/sfrm1000.pfb>
Output written on LCPB_assignment_template.pdf (5 pages, 209564 bytes).
PDF statistics:
 170 PDF objects out of 1000 (max. 8388607)
 123 compressed objects within 2 object streams
 23 named destinations out of 1000 (max. 500000)
 72 words of extra memory for PDF output out of 10000 (max. 10000000)

